{
  "stats": {
    "suites": 1,
    "tests": 5,
    "passes": 5,
    "pending": 0,
    "failures": 0,
    "start": "2022-12-11T17:17:11.472Z",
    "end": "2022-12-11T17:17:21.584Z",
    "duration": 10112,
    "testsRegistered": 5,
    "passPercent": 100,
    "pendingPercent": 0,
    "other": 0,
    "hasOther": false,
    "skipped": 0,
    "hasSkipped": false
  },
  "results": [
    {
      "uuid": "d04b528b-536f-434e-8588-ff2bc18a5e35",
      "title": "",
      "fullFile": "cypress/integration/mainStore/mainStore.spec.js",
      "file": "cypress/integration/mainStore/mainStore.spec.js",
      "beforeHooks": [],
      "afterHooks": [],
      "tests": [],
      "suites": [
        {
          "uuid": "b1649d28-5227-4e76-9aaa-d7900ecaf2b8",
          "title": "Store items",
          "fullFile": "",
          "file": "",
          "beforeHooks": [],
          "afterHooks": [],
          "tests": [
            {
              "title": "1. Login succesufully",
              "fullTitle": "Store items 1. Login succesufully",
              "timedOut": null,
              "duration": 1855,
              "state": "passed",
              "speed": "fast",
              "pass": true,
              "fail": false,
              "pending": false,
              "context": null,
              "code": "cy.url().should('equal', 'https://www.saucedemo.com/inventory.html');",
              "err": {},
              "uuid": "0e63b649-48a9-451f-a0aa-f2ec2e635766",
              "parentUUID": "b1649d28-5227-4e76-9aaa-d7900ecaf2b8",
              "isHook": false,
              "skipped": false
            },
            {
              "title": "Sort items by price",
              "fullTitle": "Store items Sort items by price",
              "timedOut": null,
              "duration": 1440,
              "state": "passed",
              "speed": "fast",
              "pass": true,
              "fail": false,
              "pending": false,
              "context": null,
              "code": "cy.get(_MainHeader.HeaderBtn.sortBtn).select('lohi');\ncy.get(_MainHeader.HeaderBtn.sortBtn).should('have.value', 'lohi');",
              "err": {},
              "uuid": "6f81d75d-4ffb-4ccf-86c6-b87ca05b418c",
              "parentUUID": "b1649d28-5227-4e76-9aaa-d7900ecaf2b8",
              "isHook": false,
              "skipped": false
            },
            {
              "title": "Add item to cart",
              "fullTitle": "Store items Add item to cart",
              "timedOut": null,
              "duration": 1620,
              "state": "passed",
              "speed": "fast",
              "pass": true,
              "fail": false,
              "pending": false,
              "context": null,
              "code": "cy.get(_StoreItems.AddItemBtns.addBackpack).click();\ncy.get(_StoreItems.RemoveItemBtns.removeBackpacke).should(\"contain\", \"Remove\");\ncy.get(_StoreItems.AddItemBtns.addBoltT).click();\ncy.get(_StoreItems.RemoveItemBtns.rmoveBoltT).should(\"contain\", \"Remove\");\ncy.get(_MainHeader.HeaderBtn.cartLink).find('span').should(\"contain\", \"2\");",
              "err": {},
              "uuid": "70546014-75d4-4864-8fb7-1889d82c607f",
              "parentUUID": "b1649d28-5227-4e76-9aaa-d7900ecaf2b8",
              "isHook": false,
              "skipped": false
            },
            {
              "title": "Checkout",
              "fullTitle": "Store items Checkout",
              "timedOut": null,
              "duration": 2950,
              "state": "passed",
              "speed": "fast",
              "pass": true,
              "fail": false,
              "pending": false,
              "context": null,
              "code": "cy.get(_MainHeader.HeaderBtn.cartLink).click();\ncy.get(_StoreItems.Checkout.checkoutBtn).click();\ncy.get(_CheckoutForm.CheckoutInfo.name).type('Vesna');\ncy.get(_CheckoutForm.CheckoutInfo.lastName).type('Petkovic');\ncy.get(_CheckoutForm.CheckoutInfo.postalCode).type('11000');\ncy.get(_CheckoutForm.CheckoutBtn.continue).click();\ncy.get(_CheckoutForm.CheckoutBtn.finish).click(); // confirm landing page\ncy.url().should('equal', 'https://www.saucedemo.com/checkout-complete.html');",
              "err": {},
              "uuid": "635e4e39-267d-4724-a540-3350880844d7",
              "parentUUID": "b1649d28-5227-4e76-9aaa-d7900ecaf2b8",
              "isHook": false,
              "skipped": false
            },
            {
              "title": "Log out",
              "fullTitle": "Store items Log out",
              "timedOut": null,
              "duration": 1377,
              "state": "passed",
              "speed": "fast",
              "pass": true,
              "fail": false,
              "pending": false,
              "context": null,
              "code": "cy.logoutUser();",
              "err": {},
              "uuid": "bd82d8ae-8547-4b97-b51a-6c3929257c93",
              "parentUUID": "b1649d28-5227-4e76-9aaa-d7900ecaf2b8",
              "isHook": false,
              "skipped": false
            }
          ],
          "suites": [],
          "passes": [
            "0e63b649-48a9-451f-a0aa-f2ec2e635766",
            "6f81d75d-4ffb-4ccf-86c6-b87ca05b418c",
            "70546014-75d4-4864-8fb7-1889d82c607f",
            "635e4e39-267d-4724-a540-3350880844d7",
            "bd82d8ae-8547-4b97-b51a-6c3929257c93"
          ],
          "failures": [],
          "pending": [],
          "skipped": [],
          "duration": 9242,
          "root": false,
          "rootEmpty": false,
          "_timeout": 2000
        }
      ],
      "passes": [],
      "failures": [],
      "pending": [],
      "skipped": [],
      "duration": 0,
      "root": true,
      "rootEmpty": true,
      "_timeout": 2000
    }
  ],
  "meta": {
    "mocha": {
      "version": "7.0.1"
    },
    "mochawesome": {
      "options": {
        "quiet": false,
        "reportFilename": "mochawesome",
        "saveHtml": true,
        "saveJson": true,
        "consoleReporter": "spec",
        "useInlineDiffs": false,
        "code": true
      },
      "version": "7.1.3"
    },
    "marge": {
      "options": {
        "charts": true
      },
      "version": "6.2.0"
    }
  }
}