{
  "stats": {
    "suites": 1,
    "tests": 1,
    "passes": 1,
    "pending": 0,
    "failures": 0,
    "start": "2022-11-21T18:38:06.161Z",
    "end": "2022-11-21T18:38:20.109Z",
    "duration": 13948,
    "testsRegistered": 1,
    "passPercent": 100,
    "pendingPercent": 0,
    "other": 0,
    "hasOther": false,
    "skipped": 0,
    "hasSkipped": false
  },
  "results": [
    {
      "uuid": "cb3766e9-5d12-4f45-9414-ccd0f80ecf2c",
      "title": "",
      "fullFile": "cypress/integration/login/test.spec.js",
      "file": "cypress/integration/login/test.spec.js",
      "beforeHooks": [],
      "afterHooks": [],
      "tests": [],
      "suites": [
        {
          "uuid": "ac7a08eb-d816-4077-9338-b7dd21f829c4",
          "title": "Login Page suite",
          "fullFile": "",
          "file": "",
          "beforeHooks": [],
          "afterHooks": [],
          "tests": [
            {
              "title": "1.Access Test Application",
              "fullTitle": "Login Page suite 1.Access Test Application",
              "timedOut": null,
              "duration": 8212,
              "state": "passed",
              "speed": "medium",
              "pass": true,
              "fail": false,
              "pending": false,
              "context": null,
              "code": "cy.visit('https://opensource-demo.orangehrmlive.com/');",
              "err": {},
              "uuid": "6bf0d468-8935-41e0-ac9f-a5bc3b25bc7c",
              "parentUUID": "ac7a08eb-d816-4077-9338-b7dd21f829c4",
              "isHook": false,
              "skipped": false
            }
          ],
          "suites": [],
          "passes": [
            "6bf0d468-8935-41e0-ac9f-a5bc3b25bc7c"
          ],
          "failures": [],
          "pending": [],
          "skipped": [],
          "duration": 8212,
          "root": false,
          "rootEmpty": false,
          "_timeout": 2000
        }
      ],
      "passes": [],
      "failures": [],
      "pending": [],
      "skipped": [],
      "duration": 0,
      "root": true,
      "rootEmpty": true,
      "_timeout": 2000
    }
  ],
  "meta": {
    "mocha": {
      "version": "7.0.1"
    },
    "mochawesome": {
      "options": {
        "quiet": false,
        "reportFilename": "mochawesome",
        "saveHtml": true,
        "saveJson": true,
        "consoleReporter": "spec",
        "useInlineDiffs": false,
        "code": true
      },
      "version": "7.1.3"
    },
    "marge": {
      "options": {
        "charts": true
      },
      "version": "6.2.0"
    }
  }
}